

Started GET "/users/1" for 127.0.0.1 at 2011-03-23 06:13:50 +0100
  Processing by UsersController#show as HTML
  Parameters: {"id"=>"1"}
  [1m[36mSQL (1.6ms)[0m  [1m SELECT name
 FROM sqlite_master
 WHERE type = 'table' AND NOT name = 'sqlite_sequence'
[0m
  [1m[35mSQL (0.1ms)[0m   SELECT name
 FROM sqlite_master
 WHERE type = 'table' AND NOT name = 'sqlite_sequence'
Completed   in 94ms

NoMethodError (undefined method `eq' for nil:NilClass):
  app/controllers/users_controller.rb:3:in `show'

Rendered /usr/local/ruby/lib/ruby/gems/1.9.1/gems/actionpack-3.0.5/lib/action_dispatch/middleware/templates/rescues/_trace.erb (1.4ms)
Rendered /usr/local/ruby/lib/ruby/gems/1.9.1/gems/actionpack-3.0.5/lib/action_dispatch/middleware/templates/rescues/_request_and_response.erb (2.8ms)
Rendered /usr/local/ruby/lib/ruby/gems/1.9.1/gems/actionpack-3.0.5/lib/action_dispatch/middleware/templates/rescues/diagnostics.erb within rescues/layout (13.7ms)
  [1m[36mSQL (0.5ms)[0m  [1m SELECT name
 FROM sqlite_master
 WHERE type = 'table' AND NOT name = 'sqlite_sequence'
[0m
  [1m[35mSQL (0.1ms)[0m  select sqlite_version(*)
  [1m[36mSQL (144.4ms)[0m  [1mCREATE TABLE "schema_migrations" ("version" varchar(255) NOT NULL) [0m
  [1m[35mSQL (0.1ms)[0m  PRAGMA index_list("schema_migrations")
  [1m[36mSQL (67.0ms)[0m  [1mCREATE UNIQUE INDEX "unique_schema_migrations" ON "schema_migrations" ("version")[0m
  [1m[35mSQL (0.2ms)[0m   SELECT name
 FROM sqlite_master
 WHERE type = 'table' AND NOT name = 'sqlite_sequence'
  [1m[36mSQL (0.2ms)[0m  [1m SELECT name
 FROM sqlite_master
 WHERE type = 'table' AND NOT name = 'sqlite_sequence'
[0m
  [1m[35mSQL (0.2ms)[0m  SELECT "schema_migrations"."version" FROM "schema_migrations"
Migrating to CreateUsers (20110322094601)
  [1m[36mSQL (0.6ms)[0m  [1mCREATE TABLE "users" ("id" INTEGER PRIMARY KEY AUTOINCREMENT NOT NULL, "name" varchar(255), "email" varchar(255), "created_at" datetime, "updated_at" datetime) [0m
  [1m[35mSQL (0.1ms)[0m  INSERT INTO "schema_migrations" ("version") VALUES ('20110322094601')
Migrating to AddEmailUniquenessIndex (20110322114347)
  [1m[36mSQL (0.1ms)[0m  [1mPRAGMA index_list("users")[0m
  [1m[35mSQL (0.5ms)[0m  CREATE UNIQUE INDEX "index_users_on_email" ON "users" ("email")
  [1m[36mSQL (0.2ms)[0m  [1mINSERT INTO "schema_migrations" ("version") VALUES ('20110322114347')[0m
  [1m[35mSQL (0.2ms)[0m   SELECT name
 FROM sqlite_master
 WHERE type = 'table' AND NOT name = 'sqlite_sequence'
  [1m[36mSQL (0.2ms)[0m  [1mSELECT "schema_migrations"."version" FROM "schema_migrations"[0m
  [1m[35mSQL (0.1ms)[0m   SELECT name
 FROM sqlite_master
 WHERE type = 'table' AND NOT name = 'sqlite_sequence'
  [1m[36mSQL (0.1ms)[0m  [1mPRAGMA index_list("users")[0m
  [1m[35mSQL (0.1ms)[0m  PRAGMA index_info('index_users_on_email')


Started GET "/users/1" for 127.0.0.1 at 2011-03-23 06:14:56 +0100
  Processing by UsersController#show as HTML
  Parameters: {"id"=>"1"}
  [1m[36mSQL (0.7ms)[0m  [1m SELECT name
 FROM sqlite_master
 WHERE type = 'table' AND NOT name = 'sqlite_sequence'
[0m
  [1m[35mUser Load (0.2ms)[0m  SELECT "users".* FROM "users" WHERE "users"."id" = 1 LIMIT 1
Completed   in 14ms

ActiveRecord::RecordNotFound (Couldn't find User with ID=1):
  app/controllers/users_controller.rb:3:in `show'

Rendered /usr/local/ruby/lib/ruby/gems/1.9.1/gems/actionpack-3.0.5/lib/action_dispatch/middleware/templates/rescues/_trace.erb (1.3ms)
Rendered /usr/local/ruby/lib/ruby/gems/1.9.1/gems/actionpack-3.0.5/lib/action_dispatch/middleware/templates/rescues/_request_and_response.erb (2.6ms)
Rendered /usr/local/ruby/lib/ruby/gems/1.9.1/gems/actionpack-3.0.5/lib/action_dispatch/middleware/templates/rescues/diagnostics.erb within rescues/layout (8.1ms)


Started GET "/users/1" for 127.0.0.1 at 2011-03-23 06:16:20 +0100
  Processing by UsersController#show as HTML
  Parameters: {"id"=>"1"}
  [1m[36mSQL (0.5ms)[0m  [1m SELECT name
 FROM sqlite_master
 WHERE type = 'table' AND NOT name = 'sqlite_sequence'
[0m
  [1m[35mUser Load (0.2ms)[0m  SELECT "users".* FROM "users" WHERE "users"."id" = 1 LIMIT 1
Completed   in 13ms

ActiveRecord::RecordNotFound (Couldn't find User with ID=1):
  app/controllers/users_controller.rb:3:in `show'

Rendered /usr/local/ruby/lib/ruby/gems/1.9.1/gems/actionpack-3.0.5/lib/action_dispatch/middleware/templates/rescues/_trace.erb (1.3ms)
Rendered /usr/local/ruby/lib/ruby/gems/1.9.1/gems/actionpack-3.0.5/lib/action_dispatch/middleware/templates/rescues/_request_and_response.erb (2.7ms)
Rendered /usr/local/ruby/lib/ruby/gems/1.9.1/gems/actionpack-3.0.5/lib/action_dispatch/middleware/templates/rescues/diagnostics.erb within rescues/layout (8.1ms)


Started GET "/users/1" for 127.0.0.1 at 2011-03-23 06:16:21 +0100
  Processing by UsersController#show as HTML
  Parameters: {"id"=>"1"}
  [1m[36mSQL (0.4ms)[0m  [1m SELECT name
 FROM sqlite_master
 WHERE type = 'table' AND NOT name = 'sqlite_sequence'
[0m
  [1m[35mUser Load (2.5ms)[0m  SELECT "users".* FROM "users" WHERE "users"."id" = 1 LIMIT 1
Completed   in 45ms

ActiveRecord::RecordNotFound (Couldn't find User with ID=1):
  app/controllers/users_controller.rb:3:in `show'

Rendered /usr/local/ruby/lib/ruby/gems/1.9.1/gems/actionpack-3.0.5/lib/action_dispatch/middleware/templates/rescues/_trace.erb (1.3ms)
Rendered /usr/local/ruby/lib/ruby/gems/1.9.1/gems/actionpack-3.0.5/lib/action_dispatch/middleware/templates/rescues/_request_and_response.erb (2.7ms)
Rendered /usr/local/ruby/lib/ruby/gems/1.9.1/gems/actionpack-3.0.5/lib/action_dispatch/middleware/templates/rescues/diagnostics.erb within rescues/layout (8.3ms)


Started GET "/users/1" for 127.0.0.1 at 2011-03-23 06:16:34 +0100
  Processing by UsersController#show as HTML
  Parameters: {"id"=>"1"}
  [1m[36mSQL (0.7ms)[0m  [1m SELECT name
 FROM sqlite_master
 WHERE type = 'table' AND NOT name = 'sqlite_sequence'
[0m
  [1m[35mUser Load (0.2ms)[0m  SELECT "users".* FROM "users" WHERE "users"."id" = 1 LIMIT 1
Completed   in 92ms

ActiveRecord::RecordNotFound (Couldn't find User with ID=1):
  app/controllers/users_controller.rb:3:in `show'

Rendered /usr/local/ruby/lib/ruby/gems/1.9.1/gems/actionpack-3.0.5/lib/action_dispatch/middleware/templates/rescues/_trace.erb (1.3ms)
Rendered /usr/local/ruby/lib/ruby/gems/1.9.1/gems/actionpack-3.0.5/lib/action_dispatch/middleware/templates/rescues/_request_and_response.erb (2.8ms)
Rendered /usr/local/ruby/lib/ruby/gems/1.9.1/gems/actionpack-3.0.5/lib/action_dispatch/middleware/templates/rescues/diagnostics.erb within rescues/layout (8.4ms)


Started GET "/users/1" for 127.0.0.1 at 2011-03-23 06:16:39 +0100
  Processing by UsersController#show as HTML
  Parameters: {"id"=>"1"}
  [1m[36mUser Load (0.2ms)[0m  [1mSELECT "users".* FROM "users" WHERE "users"."id" = 1 LIMIT 1[0m
Completed   in 12ms

ActiveRecord::RecordNotFound (Couldn't find User with ID=1):
  app/controllers/users_controller.rb:3:in `show'

Rendered /usr/local/ruby/lib/ruby/gems/1.9.1/gems/actionpack-3.0.5/lib/action_dispatch/middleware/templates/rescues/_trace.erb (1.3ms)
Rendered /usr/local/ruby/lib/ruby/gems/1.9.1/gems/actionpack-3.0.5/lib/action_dispatch/middleware/templates/rescues/_request_and_response.erb (2.6ms)
Rendered /usr/local/ruby/lib/ruby/gems/1.9.1/gems/actionpack-3.0.5/lib/action_dispatch/middleware/templates/rescues/diagnostics.erb within rescues/layout (7.9ms)


Started GET "/users/1" for 127.0.0.1 at 2011-03-23 06:16:51 +0100
  Processing by UsersController#show as HTML
  Parameters: {"id"=>"1"}
  [1m[36mSQL (0.6ms)[0m  [1m SELECT name
 FROM sqlite_master
 WHERE type = 'table' AND NOT name = 'sqlite_sequence'
[0m
  [1m[35mUser Load (0.2ms)[0m  SELECT "users".* FROM "users" WHERE "users"."id" = 1 LIMIT 1
Completed   in 64ms

ActiveRecord::RecordNotFound (Couldn't find User with ID=1):
  app/controllers/users_controller.rb:3:in `show'

Rendered /usr/local/ruby/lib/ruby/gems/1.9.1/gems/actionpack-3.0.5/lib/action_dispatch/middleware/templates/rescues/_trace.erb (1.3ms)
Rendered /usr/local/ruby/lib/ruby/gems/1.9.1/gems/actionpack-3.0.5/lib/action_dispatch/middleware/templates/rescues/_request_and_response.erb (2.8ms)
Rendered /usr/local/ruby/lib/ruby/gems/1.9.1/gems/actionpack-3.0.5/lib/action_dispatch/middleware/templates/rescues/diagnostics.erb within rescues/layout (8.5ms)
  [1m[36mSQL (0.6ms)[0m  [1m SELECT name
 FROM sqlite_master
 WHERE type = 'table' AND NOT name = 'sqlite_sequence'
[0m
  [1m[35mUser Load (0.2ms)[0m  SELECT "users".* FROM "users" WHERE "users"."id" = 1 LIMIT 1
  [1m[36mUser Load (0.2ms)[0m  [1mSELECT "users".* FROM "users" WHERE "users"."id" = 0 LIMIT 1[0m
  [1m[35mUser Load (0.3ms)[0m  SELECT "users".* FROM "users" WHERE "users"."id" = 1 LIMIT 1


Started GET "/users/1" for 127.0.0.1 at 2011-03-23 06:19:15 +0100
  Processing by UsersController#show as HTML
  Parameters: {"id"=>"1"}
  [1m[36mUser Load (0.5ms)[0m  [1mSELECT "users".* FROM "users" WHERE "users"."id" = 1 LIMIT 1[0m
Rendered layouts/_stylesheets.html.erb (1.2ms)
Rendered layouts/_header.html.erb (1.7ms)
Rendered layouts/_footer.html.erb (1.0ms)
Rendered users/show.html.erb within layouts/application (16.3ms)
Completed 200 OK in 33ms (Views: 20.6ms | ActiveRecord: 0.5ms)


Started GET "/users/1" for 127.0.0.1 at 2011-03-23 06:23:18 +0100
  Processing by UsersController#show as HTML
  Parameters: {"id"=>"1"}
  [1m[35mUser Load (0.5ms)[0m  SELECT "users".* FROM "users" WHERE "users"."id" = 1 LIMIT 1
Rendered layouts/_stylesheets.html.erb (1.3ms)
Rendered layouts/_header.html.erb (1.2ms)
Rendered layouts/_footer.html.erb (1.0ms)
Rendered users/show.html.erb within layouts/application (44.5ms)
Completed 200 OK in 61ms (Views: 48.7ms | ActiveRecord: 0.5ms)


Started GET "/users/1" for 127.0.0.1 at 2011-03-23 06:23:19 +0100
  Processing by UsersController#show as HTML
  Parameters: {"id"=>"1"}
  [1m[36mUser Load (0.5ms)[0m  [1mSELECT "users".* FROM "users" WHERE "users"."id" = 1 LIMIT 1[0m
Rendered layouts/_stylesheets.html.erb (1.2ms)
Rendered layouts/_header.html.erb (1.2ms)
Rendered layouts/_footer.html.erb (0.9ms)
Rendered users/show.html.erb within layouts/application (14.4ms)
Completed 200 OK in 31ms (Views: 18.6ms | ActiveRecord: 0.5ms)


Started GET "/users/1" for 127.0.0.1 at 2011-03-23 06:23:19 +0100
  Processing by UsersController#show as HTML
  Parameters: {"id"=>"1"}
  [1m[35mUser Load (0.5ms)[0m  SELECT "users".* FROM "users" WHERE "users"."id" = 1 LIMIT 1
Rendered layouts/_stylesheets.html.erb (1.2ms)
Rendered layouts/_header.html.erb (1.2ms)
Rendered layouts/_footer.html.erb (0.9ms)
Rendered users/show.html.erb within layouts/application (14.0ms)
Completed 200 OK in 31ms (Views: 18.6ms | ActiveRecord: 0.5ms)
  [1m[36mSQL (0.6ms)[0m  [1m SELECT name
 FROM sqlite_master
 WHERE type = 'table' AND NOT name = 'sqlite_sequence'
[0m
  [1m[35mSQL (0.2ms)[0m   SELECT name
 FROM sqlite_master
 WHERE type = 'table' AND NOT name = 'sqlite_sequence'
  [1m[36mSQL (0.2ms)[0m  [1mSELECT "schema_migrations"."version" FROM "schema_migrations"[0m
Migrating to CreateUsers (20110322094601)
Migrating to AddEmailUniquenessIndex (20110322114347)
Migrating to AddPasswordToUsers (20110323053801)
  [1m[35mSQL (0.1ms)[0m  select sqlite_version(*)
  [1m[36mSQL (0.6ms)[0m  [1mALTER TABLE "users" ADD "encrypted_password" varchar(255)[0m
  [1m[35mSQL (0.2ms)[0m  INSERT INTO "schema_migrations" ("version") VALUES ('20110323053801')
  [1m[36mSQL (0.2ms)[0m  [1m SELECT name
 FROM sqlite_master
 WHERE type = 'table' AND NOT name = 'sqlite_sequence'
[0m
  [1m[35mSQL (0.2ms)[0m  SELECT "schema_migrations"."version" FROM "schema_migrations"
  [1m[36mSQL (0.1ms)[0m  [1m SELECT name
 FROM sqlite_master
 WHERE type = 'table' AND NOT name = 'sqlite_sequence'
[0m
  [1m[35mSQL (0.1ms)[0m  PRAGMA index_list("users")
  [1m[36mSQL (0.1ms)[0m  [1mPRAGMA index_info('index_users_on_email')[0m
  [1m[36mSQL (0.6ms)[0m  [1m SELECT name
 FROM sqlite_master
 WHERE type = 'table' AND NOT name = 'sqlite_sequence'
[0m
  [1m[35mSQL (0.2ms)[0m   SELECT name
 FROM sqlite_master
 WHERE type = 'table' AND NOT name = 'sqlite_sequence'
  [1m[36mSQL (0.2ms)[0m  [1mSELECT "schema_migrations"."version" FROM "schema_migrations"[0m
  [1m[35mSQL (0.3ms)[0m  select sqlite_version(*)
  [1m[36mSQL (0.1ms)[0m  [1m SELECT name
 FROM sqlite_master
 WHERE type = 'table' AND NOT name = 'sqlite_sequence'
[0m
  [1m[35mSQL (128.8ms)[0m  CREATE TABLE "users" ("id" INTEGER PRIMARY KEY AUTOINCREMENT NOT NULL, "name" varchar(255), "email" varchar(255), "created_at" datetime, "updated_at" datetime, "encrypted_password" varchar(255)) 
  [1m[36mSQL (0.1ms)[0m  [1mPRAGMA index_list("users")[0m
  [1m[35mSQL (81.1ms)[0m  CREATE UNIQUE INDEX "index_users_on_email" ON "users" ("email")
  [1m[36mSQL (0.2ms)[0m  [1m SELECT name
 FROM sqlite_master
 WHERE type = 'table' AND NOT name = 'sqlite_sequence'
[0m
  [1m[35mSQL (109.1ms)[0m  CREATE TABLE "schema_migrations" ("version" varchar(255) NOT NULL) 
  [1m[36mSQL (0.1ms)[0m  [1mPRAGMA index_list("schema_migrations")[0m
  [1m[35mSQL (63.3ms)[0m  CREATE UNIQUE INDEX "unique_schema_migrations" ON "schema_migrations" ("version")
  [1m[36mSQL (0.3ms)[0m  [1m SELECT name
 FROM sqlite_master
 WHERE type = 'table' AND NOT name = 'sqlite_sequence'
[0m
  [1m[35mSQL (0.2ms)[0m  SELECT version FROM "schema_migrations"
  [1m[36mSQL (72.6ms)[0m  [1mINSERT INTO "schema_migrations" (version) VALUES ('20110323053801')[0m
  [1m[35mSQL (65.7ms)[0m  INSERT INTO "schema_migrations" (version) VALUES ('20110322094601')
  [1m[36mSQL (65.9ms)[0m  [1mINSERT INTO "schema_migrations" (version) VALUES ('20110322114347')[0m


Started GET "/users/1" for 127.0.0.1 at 2011-03-23 06:48:29 +0100
  Processing by UsersController#show as HTML
  Parameters: {"id"=>"1"}
  [1m[36mUser Load (0.6ms)[0m  [1mSELECT "users".* FROM "users" WHERE "users"."id" = 1 LIMIT 1[0m
Rendered layouts/_stylesheets.html.erb (1.3ms)
Rendered layouts/_header.html.erb (1.3ms)
Rendered layouts/_footer.html.erb (0.9ms)
Rendered users/show.html.erb within layouts/application (15.6ms)
Completed 200 OK in 36ms (Views: 19.9ms | ActiveRecord: 0.6ms)
  [1m[36mSQL (0.6ms)[0m  [1m SELECT name
 FROM sqlite_master
 WHERE type = 'table' AND NOT name = 'sqlite_sequence'
[0m
  [1m[35mSQL (0.2ms)[0m   SELECT name
 FROM sqlite_master
 WHERE type = 'table' AND NOT name = 'sqlite_sequence'
  [1m[36mSQL (0.2ms)[0m  [1mSELECT "schema_migrations"."version" FROM "schema_migrations"[0m
Migrating to CreateUsers (20110322094601)
Migrating to AddEmailUniquenessIndex (20110322114347)
Migrating to AddPasswordToUsers (20110323053801)
Migrating to AddSaltToUsers (20110323055423)
  [1m[35mSQL (0.1ms)[0m  select sqlite_version(*)
  [1m[36mSQL (0.6ms)[0m  [1mALTER TABLE "users" ADD "salt" varchar(255)[0m
  [1m[35mSQL (0.2ms)[0m  INSERT INTO "schema_migrations" ("version") VALUES ('20110323055423')
  [1m[36mSQL (0.3ms)[0m  [1m SELECT name
 FROM sqlite_master
 WHERE type = 'table' AND NOT name = 'sqlite_sequence'
[0m
  [1m[35mSQL (0.3ms)[0m  SELECT "schema_migrations"."version" FROM "schema_migrations"
  [1m[36mSQL (0.2ms)[0m  [1m SELECT name
 FROM sqlite_master
 WHERE type = 'table' AND NOT name = 'sqlite_sequence'
[0m
  [1m[35mSQL (0.1ms)[0m  PRAGMA index_list("users")
  [1m[36mSQL (0.1ms)[0m  [1mPRAGMA index_info('index_users_on_email')[0m
  [1m[36mSQL (0.6ms)[0m  [1m SELECT name
 FROM sqlite_master
 WHERE type = 'table' AND NOT name = 'sqlite_sequence'
[0m
  [1m[35mSQL (0.2ms)[0m   SELECT name
 FROM sqlite_master
 WHERE type = 'table' AND NOT name = 'sqlite_sequence'
  [1m[36mSQL (0.2ms)[0m  [1mSELECT "schema_migrations"."version" FROM "schema_migrations"[0m
  [1m[35mSQL (0.3ms)[0m  select sqlite_version(*)
  [1m[36mSQL (0.1ms)[0m  [1m SELECT name
 FROM sqlite_master
 WHERE type = 'table' AND NOT name = 'sqlite_sequence'
[0m
  [1m[35mSQL (437.0ms)[0m  CREATE TABLE "users" ("id" INTEGER PRIMARY KEY AUTOINCREMENT NOT NULL, "name" varchar(255), "email" varchar(255), "created_at" datetime, "updated_at" datetime, "encrypted_password" varchar(255), "salt" varchar(255)) 
  [1m[36mSQL (0.1ms)[0m  [1mPRAGMA index_list("users")[0m
  [1m[35mSQL (71.3ms)[0m  CREATE UNIQUE INDEX "index_users_on_email" ON "users" ("email")
  [1m[36mSQL (0.3ms)[0m  [1m SELECT name
 FROM sqlite_master
 WHERE type = 'table' AND NOT name = 'sqlite_sequence'
[0m
  [1m[35mSQL (101.8ms)[0m  CREATE TABLE "schema_migrations" ("version" varchar(255) NOT NULL) 
  [1m[36mSQL (0.1ms)[0m  [1mPRAGMA index_list("schema_migrations")[0m
  [1m[35mSQL (86.5ms)[0m  CREATE UNIQUE INDEX "unique_schema_migrations" ON "schema_migrations" ("version")
  [1m[36mSQL (0.3ms)[0m  [1m SELECT name
 FROM sqlite_master
 WHERE type = 'table' AND NOT name = 'sqlite_sequence'
[0m
  [1m[35mSQL (0.2ms)[0m  SELECT version FROM "schema_migrations"
  [1m[36mSQL (72.5ms)[0m  [1mINSERT INTO "schema_migrations" (version) VALUES ('20110323055423')[0m
  [1m[35mSQL (73.9ms)[0m  INSERT INTO "schema_migrations" (version) VALUES ('20110322094601')
  [1m[36mSQL (74.0ms)[0m  [1mINSERT INTO "schema_migrations" (version) VALUES ('20110322114347')[0m
  [1m[35mSQL (82.3ms)[0m  INSERT INTO "schema_migrations" (version) VALUES ('20110323053801')


Started GET "/users/1" for 127.0.0.1 at 2011-03-23 10:08:08 +0100
  Processing by UsersController#show as HTML
  Parameters: {"id"=>"1"}
  [1m[36mSQL (0.6ms)[0m  [1m SELECT name
 FROM sqlite_master
 WHERE type = 'table' AND NOT name = 'sqlite_sequence'
[0m
  [1m[35mUser Load (0.8ms)[0m  SELECT "users".* FROM "users" WHERE "users"."id" = 1 LIMIT 1
Rendered layouts/_stylesheets.html.erb (18.6ms)
Rendered layouts/_header.html.erb (5.2ms)
Rendered layouts/_footer.html.erb (0.9ms)
Rendered users/show.html.erb within layouts/application (41.5ms)
Completed 200 OK in 187ms (Views: 82.4ms | ActiveRecord: 1.4ms)


Started GET "/" for 127.0.0.1 at 2011-03-23 10:08:19 +0100
  Processing by PagesController#home as HTML
Rendered layouts/_stylesheets.html.erb (2.0ms)
Rendered layouts/_header.html.erb (1.9ms)
Rendered layouts/_footer.html.erb (1.0ms)
Rendered pages/home.html.erb within layouts/application (12.8ms)
Completed 200 OK in 86ms (Views: 85.7ms | ActiveRecord: 0.0ms)


Started GET "/signup" for 127.0.0.1 at 2011-03-23 11:06:24 +0100
  Processing by UsersController#new as HTML
Rendered layouts/_stylesheets.html.erb (1.2ms)
Rendered layouts/_header.html.erb (1.2ms)
Rendered layouts/_footer.html.erb (0.9ms)
Rendered users/new.html.erb within layouts/application (63.0ms)
Completed 200 OK in 111ms (Views: 67.3ms | ActiveRecord: 0.0ms)


Started GET "/" for 127.0.0.1 at 2011-03-23 11:31:43 +0100
  Processing by PagesController#home as HTML
Rendered layouts/_stylesheets.html.erb (1.2ms)
Rendered layouts/_header.html.erb (1.2ms)
Rendered layouts/_footer.html.erb (0.9ms)
Rendered pages/home.html.erb within layouts/application (8.1ms)
Completed 200 OK in 14ms (Views: 13.3ms | ActiveRecord: 0.0ms)


Started GET "/signup_path" for 127.0.0.1 at 2011-03-23 11:31:45 +0100

ActionController::RoutingError (No route matches "/signup_path"):
  

Rendered /usr/local/ruby/lib/ruby/gems/1.9.1/gems/actionpack-3.0.5/lib/action_dispatch/middleware/templates/rescues/routing_error.erb within rescues/layout (1.7ms)


Started GET "/users/1" for 127.0.0.1 at 2011-03-23 11:32:17 +0100
  Processing by UsersController#show as HTML
  Parameters: {"id"=>"1"}
  [1m[36mUser Load (0.8ms)[0m  [1mSELECT "users".* FROM "users" WHERE "users"."id" = 1 LIMIT 1[0m
Rendered users/show.html.erb within layouts/application (81.6ms)
Completed   in 105ms

ActionView::Template::Error (undefined method `gravatar_image_tag' for #<#<Class:0x9ccb9e8>:0x9ccab88>):
    2: <tr>
    3: <td class="main">
    4: <h1>
    5: <%= gravatar_for @user %>
    6: <%= @user.name %>
    7: </h1>
    8: </td>
  app/helpers/users_helper.rb:3:in `gravatar_for'
  app/views/users/show.html.erb:5:in `_app_views_users_show_html_erb__1057245937_82202690_1009966137'

Rendered /usr/local/ruby/lib/ruby/gems/1.9.1/gems/actionpack-3.0.5/lib/action_dispatch/middleware/templates/rescues/_trace.erb (1.4ms)
Rendered /usr/local/ruby/lib/ruby/gems/1.9.1/gems/actionpack-3.0.5/lib/action_dispatch/middleware/templates/rescues/_request_and_response.erb (3.1ms)
Rendered /usr/local/ruby/lib/ruby/gems/1.9.1/gems/actionpack-3.0.5/lib/action_dispatch/middleware/templates/rescues/template_error.erb within rescues/layout (9.8ms)


Started GET "/" for 127.0.0.1 at 2011-03-23 11:40:13 +0100
  Processing by PagesController#home as HTML
Rendered layouts/_stylesheets.html.erb (1.3ms)
Rendered layouts/_header.html.erb (1.4ms)
Rendered layouts/_footer.html.erb (0.9ms)
Rendered pages/home.html.erb within layouts/application (8.8ms)
Completed 200 OK in 15ms (Views: 14.1ms | ActiveRecord: 0.0ms)
  [1m[36mSQL (0.4ms)[0m  [1mselect sqlite_version(*)[0m
  [1m[35mSQL (0.1ms)[0m   SELECT name
 FROM sqlite_master
 WHERE type = 'table' AND NOT name = 'sqlite_sequence'
  [1m[36mSQL (134.9ms)[0m  [1mCREATE TABLE "users" ("id" INTEGER PRIMARY KEY AUTOINCREMENT NOT NULL, "name" varchar(255), "email" varchar(255), "created_at" datetime, "updated_at" datetime, "encrypted_password" varchar(255), "salt" varchar(255)) [0m
  [1m[35mSQL (0.1ms)[0m  PRAGMA index_list("users")
  [1m[36mSQL (72.0ms)[0m  [1mCREATE UNIQUE INDEX "index_users_on_email" ON "users" ("email")[0m
  [1m[35mSQL (0.2ms)[0m   SELECT name
 FROM sqlite_master
 WHERE type = 'table' AND NOT name = 'sqlite_sequence'
  [1m[36mSQL (118.1ms)[0m  [1mCREATE TABLE "schema_migrations" ("version" varchar(255) NOT NULL) [0m
  [1m[35mSQL (0.1ms)[0m  PRAGMA index_list("schema_migrations")
  [1m[36mSQL (80.4ms)[0m  [1mCREATE UNIQUE INDEX "unique_schema_migrations" ON "schema_migrations" ("version")[0m
  [1m[35mSQL (0.2ms)[0m   SELECT name
 FROM sqlite_master
 WHERE type = 'table' AND NOT name = 'sqlite_sequence'
  [1m[36mSQL (0.1ms)[0m  [1mSELECT version FROM "schema_migrations"[0m
  [1m[35mSQL (96.8ms)[0m  INSERT INTO "schema_migrations" (version) VALUES ('20110323055423')
  [1m[36mSQL (82.3ms)[0m  [1mINSERT INTO "schema_migrations" (version) VALUES ('20110322094601')[0m
  [1m[35mSQL (82.3ms)[0m  INSERT INTO "schema_migrations" (version) VALUES ('20110322114347')
  [1m[36mSQL (74.1ms)[0m  [1mINSERT INTO "schema_migrations" (version) VALUES ('20110323053801')[0m
  [1m[35mSQL (0.2ms)[0m   SELECT name
 FROM sqlite_master
 WHERE type = 'table' AND NOT name = 'sqlite_sequence'
  [1m[36mSQL (0.1ms)[0m  [1m SELECT name
 FROM sqlite_master
 WHERE type = 'table' AND NOT name = 'sqlite_sequence'
[0m
  [1m[35mSQL (0.2ms)[0m  SELECT "schema_migrations"."version" FROM "schema_migrations"
  [1m[36mSQL (0.2ms)[0m  [1m SELECT name
 FROM sqlite_master
 WHERE type = 'table' AND NOT name = 'sqlite_sequence'
[0m
  [1m[35mUser Load (0.1ms)[0m  SELECT "users"."id" FROM "users" WHERE (LOWER("users"."email") = LOWER('gaurav.khande@gmail.com')) LIMIT 1
  [1m[36mAREL (0.4ms)[0m  [1mINSERT INTO "users" ("name", "email", "created_at", "updated_at", "encrypted_password", "salt") VALUES ('Gaurav', 'gaurav.khande@gmail.com', '2011-03-23 11:28:47.297348', '2011-03-23 11:28:47.297348', '2350c03de0c7f53dd8835c9eebbdd32e2152a49609805c9cc0f8858d3bbeffe3', '501a42b65f6ce1a1fea3318697383f5c03c84336e6c89b0a96588a579ed25cb8')[0m


Started GET "/users/1" for 127.0.0.1 at 2011-03-23 12:29:13 +0100
  Processing by UsersController#show as HTML
  Parameters: {"id"=>"1"}
  [1m[35mUser Load (0.2ms)[0m  SELECT "users".* FROM "users" WHERE "users"."id" = 1 LIMIT 1
Rendered users/show.html.erb within layouts/application (50.0ms)
Completed   in 70ms

ActionView::Template::Error (undefined method `gravatar_image_tag' for #<#<Class:0x9d3ee5c>:0x9d2eef8>):
    2: <tr>
    3: <td class="main">
    4: <h1>
    5: <%= gravatar_for @user %>
    6: <%= @user.name %>
    7: </h1>
    8: </td>
  app/helpers/users_helper.rb:3:in `gravatar_for'
  app/views/users/show.html.erb:5:in `_app_views_users_show_html_erb__1057245937_82407610_1009966137'

Rendered /usr/local/ruby/lib/ruby/gems/1.9.1/gems/actionpack-3.0.5/lib/action_dispatch/middleware/templates/rescues/_trace.erb (1.3ms)
Rendered /usr/local/ruby/lib/ruby/gems/1.9.1/gems/actionpack-3.0.5/lib/action_dispatch/middleware/templates/rescues/_request_and_response.erb (3.3ms)
Rendered /usr/local/ruby/lib/ruby/gems/1.9.1/gems/actionpack-3.0.5/lib/action_dispatch/middleware/templates/rescues/template_error.erb within rescues/layout (9.5ms)


Started GET "/users/1" for 127.0.0.1 at 2011-03-23 12:32:37 +0100
  Processing by UsersController#show as HTML
  Parameters: {"id"=>"1"}
  [1m[36mUser Load (0.2ms)[0m  [1mSELECT "users".* FROM "users" WHERE "users"."id" = 1 LIMIT 1[0m
Rendered users/show.html.erb within layouts/application (17.7ms)
Completed   in 37ms

ActionView::Template::Error (undefined method `gravatar_image_tag' for #<#<Class:0x9f616f8>:0x9f60460>):
    2: <tr>
    3: <td class="main">
    4: <h1>
    5: <%= gravatar_for @user %>
    6: <%= @user.name %>
    7: </h1>
    8: </td>
  app/helpers/users_helper.rb:3:in `gravatar_for'
  app/views/users/show.html.erb:5:in `_app_views_users_show_html_erb__1057245937_83557700_1009966137'

Rendered /usr/local/ruby/lib/ruby/gems/1.9.1/gems/actionpack-3.0.5/lib/action_dispatch/middleware/templates/rescues/_trace.erb (1.2ms)
Rendered /usr/local/ruby/lib/ruby/gems/1.9.1/gems/actionpack-3.0.5/lib/action_dispatch/middleware/templates/rescues/_request_and_response.erb (3.1ms)
Rendered /usr/local/ruby/lib/ruby/gems/1.9.1/gems/actionpack-3.0.5/lib/action_dispatch/middleware/templates/rescues/template_error.erb within rescues/layout (8.7ms)


Started GET "/users/1" for 127.0.0.1 at 2011-03-23 12:32:48 +0100
  Processing by UsersController#show as HTML
  Parameters: {"id"=>"1"}
  [1m[36mSQL (0.6ms)[0m  [1m SELECT name
 FROM sqlite_master
 WHERE type = 'table' AND NOT name = 'sqlite_sequence'
[0m
  [1m[35mUser Load (0.2ms)[0m  SELECT "users".* FROM "users" WHERE "users"."id" = 1 LIMIT 1
Rendered layouts/_stylesheets.html.erb (1.2ms)
Rendered layouts/_header.html.erb (1.2ms)
Rendered layouts/_footer.html.erb (0.9ms)
Rendered users/show.html.erb within layouts/application (20.0ms)
Completed 200 OK in 121ms (Views: 24.2ms | ActiveRecord: 0.8ms)


Started GET "/users/1" for 127.0.0.1 at 2011-03-23 12:38:46 +0100
  Processing by UsersController#show as HTML
  Parameters: {"id"=>"1"}
  [1m[36mUser Load (0.2ms)[0m  [1mSELECT "users".* FROM "users" WHERE "users"."id" = 1 LIMIT 1[0m
Rendered layouts/_stylesheets.html.erb (1.1ms)
Rendered layouts/_header.html.erb (1.1ms)
Rendered layouts/_footer.html.erb (0.8ms)
Rendered users/show.html.erb within layouts/application (16.8ms)
Completed 200 OK in 37ms (Views: 22.1ms | ActiveRecord: 0.2ms)


Started GET "/" for 127.0.0.1 at 2011-03-23 12:38:55 +0100
  Processing by PagesController#home as HTML
Rendered layouts/_stylesheets.html.erb (1.5ms)
Rendered layouts/_header.html.erb (1.4ms)
Rendered layouts/_footer.html.erb (1.0ms)
Rendered pages/home.html.erb within layouts/application (9.8ms)
Completed 200 OK in 14ms (Views: 14.0ms | ActiveRecord: 0.0ms)


Started GET "/signup_path" for 127.0.0.1 at 2011-03-23 12:38:57 +0100

ActionController::RoutingError (No route matches "/signup_path"):
  

Rendered /usr/local/ruby/lib/ruby/gems/1.9.1/gems/actionpack-3.0.5/lib/action_dispatch/middleware/templates/rescues/routing_error.erb within rescues/layout (1.1ms)


Started GET "/" for 127.0.0.1 at 2011-03-23 12:40:14 +0100
  Processing by PagesController#home as HTML
Rendered layouts/_stylesheets.html.erb (1.1ms)
Rendered layouts/_header.html.erb (1.5ms)
Rendered layouts/_footer.html.erb (0.9ms)
Rendered pages/home.html.erb within layouts/application (8.3ms)
Completed 200 OK in 13ms (Views: 12.3ms | ActiveRecord: 0.0ms)


Started GET "/signup" for 127.0.0.1 at 2011-03-23 12:40:19 +0100
  Processing by UsersController#new as HTML
Rendered users/new.html.erb within layouts/application (28.8ms)
Completed   in 48ms

ActionView::Template::Error (Missing partial shared/error_messages with {:handlers=>[:erb, :rjs, :builder, :rhtml, :rxml], :formats=>[:html], :locale=>[:en, :en]} in view paths "/home/gaurav/rails_projects/sample_app/app/views"):
    1: <h1>Sign up</h1>
    2: <%= form_for(@user) do |f| %>
    3: <%= render 'shared/error_messages' %>
    4: 
    5: <div class="field">
    6: <%= f.label :name %><br />
  app/views/users/new.html.erb:3:in `block in _app_views_users_new_html_erb___816612121_86392510_139626148'
  app/views/users/new.html.erb:2:in `_app_views_users_new_html_erb___816612121_86392510_139626148'

Rendered /usr/local/ruby/lib/ruby/gems/1.9.1/gems/actionpack-3.0.5/lib/action_dispatch/middleware/templates/rescues/_trace.erb (1.4ms)
Rendered /usr/local/ruby/lib/ruby/gems/1.9.1/gems/actionpack-3.0.5/lib/action_dispatch/middleware/templates/rescues/_request_and_response.erb (3.1ms)
Rendered /usr/local/ruby/lib/ruby/gems/1.9.1/gems/actionpack-3.0.5/lib/action_dispatch/middleware/templates/rescues/template_error.erb within rescues/layout (9.1ms)


Started GET "/signup" for 127.0.0.1 at 2011-03-23 12:48:02 +0100
  Processing by UsersController#new as HTML
Rendered users/new.html.erb within layouts/application (7.3ms)
Completed   in 28ms

ActionView::Template::Error (Missing partial shared/error_messages with {:handlers=>[:erb, :rjs, :builder, :rhtml, :rxml], :formats=>[:html], :locale=>[:en, :en]} in view paths "/home/gaurav/rails_projects/sample_app/app/views"):
    1: <h1>Sign up</h1>
    2: <%= form_for(@user) do |f| %>
    3: <%= render 'shared/error_messages' %>
    4: 
    5: <div class="field">
    6: <%= f.label :name %><br />
  app/views/users/new.html.erb:3:in `block in _app_views_users_new_html_erb___816612121_88087540_139626148'
  app/views/users/new.html.erb:2:in `_app_views_users_new_html_erb___816612121_88087540_139626148'

Rendered /usr/local/ruby/lib/ruby/gems/1.9.1/gems/actionpack-3.0.5/lib/action_dispatch/middleware/templates/rescues/_trace.erb (1.3ms)
Rendered /usr/local/ruby/lib/ruby/gems/1.9.1/gems/actionpack-3.0.5/lib/action_dispatch/middleware/templates/rescues/_request_and_response.erb (3.3ms)
Rendered /usr/local/ruby/lib/ruby/gems/1.9.1/gems/actionpack-3.0.5/lib/action_dispatch/middleware/templates/rescues/template_error.erb within rescues/layout (9.3ms)


Started GET "/signup" for 127.0.0.1 at 2011-03-23 12:48:02 +0100
  Processing by UsersController#new as HTML
Rendered users/new.html.erb within layouts/application (7.1ms)
Completed   in 25ms

ActionView::Template::Error (Missing partial shared/error_messages with {:handlers=>[:erb, :rjs, :builder, :rhtml, :rxml], :formats=>[:html], :locale=>[:en, :en]} in view paths "/home/gaurav/rails_projects/sample_app/app/views"):
    1: <h1>Sign up</h1>
    2: <%= form_for(@user) do |f| %>
    3: <%= render 'shared/error_messages' %>
    4: 
    5: <div class="field">
    6: <%= f.label :name %><br />
  app/views/users/new.html.erb:3:in `block in _app_views_users_new_html_erb___816612121_86890920_139626148'
  app/views/users/new.html.erb:2:in `_app_views_users_new_html_erb___816612121_86890920_139626148'

Rendered /usr/local/ruby/lib/ruby/gems/1.9.1/gems/actionpack-3.0.5/lib/action_dispatch/middleware/templates/rescues/_trace.erb (1.3ms)
Rendered /usr/local/ruby/lib/ruby/gems/1.9.1/gems/actionpack-3.0.5/lib/action_dispatch/middleware/templates/rescues/_request_and_response.erb (3.1ms)
Rendered /usr/local/ruby/lib/ruby/gems/1.9.1/gems/actionpack-3.0.5/lib/action_dispatch/middleware/templates/rescues/template_error.erb within rescues/layout (8.9ms)


Started GET "/signup" for 127.0.0.1 at 2011-03-23 12:48:03 +0100
  Processing by UsersController#new as HTML
Rendered users/new.html.erb within layouts/application (7.5ms)
Completed   in 60ms

ActionView::Template::Error (Missing partial shared/error_messages with {:handlers=>[:erb, :rjs, :builder, :rhtml, :rxml], :formats=>[:html], :locale=>[:en, :en]} in view paths "/home/gaurav/rails_projects/sample_app/app/views"):
    1: <h1>Sign up</h1>
    2: <%= form_for(@user) do |f| %>
    3: <%= render 'shared/error_messages' %>
    4: 
    5: <div class="field">
    6: <%= f.label :name %><br />
  app/views/users/new.html.erb:3:in `block in _app_views_users_new_html_erb___816612121_88342740_139626148'
  app/views/users/new.html.erb:2:in `_app_views_users_new_html_erb___816612121_88342740_139626148'

Rendered /usr/local/ruby/lib/ruby/gems/1.9.1/gems/actionpack-3.0.5/lib/action_dispatch/middleware/templates/rescues/_trace.erb (1.3ms)
Rendered /usr/local/ruby/lib/ruby/gems/1.9.1/gems/actionpack-3.0.5/lib/action_dispatch/middleware/templates/rescues/_request_and_response.erb (3.0ms)
Rendered /usr/local/ruby/lib/ruby/gems/1.9.1/gems/actionpack-3.0.5/lib/action_dispatch/middleware/templates/rescues/template_error.erb within rescues/layout (8.9ms)


Started GET "/signup" for 127.0.0.1 at 2011-03-23 12:48:03 +0100
  Processing by UsersController#new as HTML
Rendered users/new.html.erb within layouts/application (7.6ms)
Completed   in 26ms

ActionView::Template::Error (Missing partial shared/error_messages with {:handlers=>[:erb, :rjs, :builder, :rhtml, :rxml], :formats=>[:html], :locale=>[:en, :en]} in view paths "/home/gaurav/rails_projects/sample_app/app/views"):
    1: <h1>Sign up</h1>
    2: <%= form_for(@user) do |f| %>
    3: <%= render 'shared/error_messages' %>
    4: 
    5: <div class="field">
    6: <%= f.label :name %><br />
  app/views/users/new.html.erb:3:in `block in _app_views_users_new_html_erb___816612121_87160980_139626148'
  app/views/users/new.html.erb:2:in `_app_views_users_new_html_erb___816612121_87160980_139626148'

Rendered /usr/local/ruby/lib/ruby/gems/1.9.1/gems/actionpack-3.0.5/lib/action_dispatch/middleware/templates/rescues/_trace.erb (1.5ms)
Rendered /usr/local/ruby/lib/ruby/gems/1.9.1/gems/actionpack-3.0.5/lib/action_dispatch/middleware/templates/rescues/_request_and_response.erb (2.9ms)
Rendered /usr/local/ruby/lib/ruby/gems/1.9.1/gems/actionpack-3.0.5/lib/action_dispatch/middleware/templates/rescues/template_error.erb within rescues/layout (8.9ms)


Started GET "/" for 127.0.0.1 at 2011-03-24 06:01:01 +0100
  Processing by PagesController#home as HTML
Rendered layouts/_stylesheets.html.erb (2.0ms)
Rendered layouts/_header.html.erb (1.7ms)
Rendered layouts/_footer.html.erb (1.0ms)
Rendered pages/home.html.erb within layouts/application (139.6ms)
Completed 200 OK in 166ms (Views: 165.4ms | ActiveRecord: 0.0ms)


Started GET "/signup" for 127.0.0.1 at 2011-03-24 06:01:14 +0100
  Processing by UsersController#new as HTML
Rendered users/new.html.erb within layouts/application (37.5ms)
Completed   in 75ms

ActionView::Template::Error (Missing partial shared/error_messages with {:handlers=>[:erb, :rjs, :builder, :rhtml, :rxml], :formats=>[:html], :locale=>[:en, :en]} in view paths "/home/gaurav/rails_projects/sample_app/app/views"):
    1: <h1>Sign up</h1>
    2: <%= form_for(@user) do |f| %>
    3: <%= render 'shared/error_messages' %>
    4: 
    5: <div class="field">
    6: <%= f.label :name %><br />
  app/views/users/new.html.erb:3:in `block in _app_views_users_new_html_erb__181980680_88124250_666957801'
  app/views/users/new.html.erb:2:in `_app_views_users_new_html_erb__181980680_88124250_666957801'

Rendered /usr/local/ruby/lib/ruby/gems/1.9.1/gems/actionpack-3.0.5/lib/action_dispatch/middleware/templates/rescues/_trace.erb (1.4ms)
Rendered /usr/local/ruby/lib/ruby/gems/1.9.1/gems/actionpack-3.0.5/lib/action_dispatch/middleware/templates/rescues/_request_and_response.erb (3.4ms)
Rendered /usr/local/ruby/lib/ruby/gems/1.9.1/gems/actionpack-3.0.5/lib/action_dispatch/middleware/templates/rescues/template_error.erb within rescues/layout (10.1ms)


Started GET "/signup" for 127.0.0.1 at 2011-03-24 06:04:12 +0100
  Processing by UsersController#new as HTML
Rendered users/new.html.erb within layouts/application (7.6ms)
Completed   in 27ms

ActionView::Template::Error (Missing partial shared/error_messages with {:handlers=>[:erb, :rjs, :builder, :rhtml, :rxml], :formats=>[:html], :locale=>[:en, :en]} in view paths "/home/gaurav/rails_projects/sample_app/app/views"):
    1: <h1>Sign up</h1>
    2: <%= form_for(@user) do |f| %>
    3: <%= render 'shared/error_messages' %>
    4: 
    5: <div class="field">
    6: <%= f.label :name %><br />
  app/views/users/new.html.erb:3:in `block in _app_views_users_new_html_erb__181980680_88916050_666957801'
  app/views/users/new.html.erb:2:in `_app_views_users_new_html_erb__181980680_88916050_666957801'

Rendered /usr/local/ruby/lib/ruby/gems/1.9.1/gems/actionpack-3.0.5/lib/action_dispatch/middleware/templates/rescues/_trace.erb (1.4ms)
Rendered /usr/local/ruby/lib/ruby/gems/1.9.1/gems/actionpack-3.0.5/lib/action_dispatch/middleware/templates/rescues/_request_and_response.erb (3.3ms)
Rendered /usr/local/ruby/lib/ruby/gems/1.9.1/gems/actionpack-3.0.5/lib/action_dispatch/middleware/templates/rescues/template_error.erb within rescues/layout (9.3ms)


Started GET "/signup" for 127.0.0.1 at 2011-03-24 06:09:15 +0100
  Processing by UsersController#new as HTML
Rendered users/new.html.erb within layouts/application (7.8ms)
Completed   in 27ms

ActionView::Template::Error (Missing partial shared/error_messages with {:handlers=>[:erb, :rjs, :builder, :rhtml, :rxml], :formats=>[:html], :locale=>[:en, :en]} in view paths "/home/gaurav/rails_projects/sample_app/app/views"):
    1: <h1>Sign up</h1>
    2: <%= form_for(@user) do |f| %>
    3: <%= render 'shared/error_messages' %>
    4: 
    5: <div class="field">
    6: <%= f.label :name %><br />
  app/views/users/new.html.erb:3:in `block in _app_views_users_new_html_erb__181980680_87809480_666957801'
  app/views/users/new.html.erb:2:in `_app_views_users_new_html_erb__181980680_87809480_666957801'

Rendered /usr/local/ruby/lib/ruby/gems/1.9.1/gems/actionpack-3.0.5/lib/action_dispatch/middleware/templates/rescues/_trace.erb (1.3ms)
Rendered /usr/local/ruby/lib/ruby/gems/1.9.1/gems/actionpack-3.0.5/lib/action_dispatch/middleware/templates/rescues/_request_and_response.erb (3.3ms)
Rendered /usr/local/ruby/lib/ruby/gems/1.9.1/gems/actionpack-3.0.5/lib/action_dispatch/middleware/templates/rescues/template_error.erb within rescues/layout (9.2ms)


Started GET "/signup" for 127.0.0.1 at 2011-03-24 06:09:18 +0100
  Processing by UsersController#new as HTML
Rendered users/new.html.erb within layouts/application (7.7ms)
Completed   in 62ms

ActionView::Template::Error (Missing partial shared/error_messages with {:handlers=>[:erb, :rjs, :builder, :rhtml, :rxml], :formats=>[:html], :locale=>[:en, :en]} in view paths "/home/gaurav/rails_projects/sample_app/app/views"):
    1: <h1>Sign up</h1>
    2: <%= form_for(@user) do |f| %>
    3: <%= render 'shared/error_messages' %>
    4: 
    5: <div class="field">
    6: <%= f.label :name %><br />
  app/views/users/new.html.erb:3:in `block in _app_views_users_new_html_erb__181980680_89165510_666957801'
  app/views/users/new.html.erb:2:in `_app_views_users_new_html_erb__181980680_89165510_666957801'

Rendered /usr/local/ruby/lib/ruby/gems/1.9.1/gems/actionpack-3.0.5/lib/action_dispatch/middleware/templates/rescues/_trace.erb (1.4ms)
Rendered /usr/local/ruby/lib/ruby/gems/1.9.1/gems/actionpack-3.0.5/lib/action_dispatch/middleware/templates/rescues/_request_and_response.erb (3.5ms)
Rendered /usr/local/ruby/lib/ruby/gems/1.9.1/gems/actionpack-3.0.5/lib/action_dispatch/middleware/templates/rescues/template_error.erb within rescues/layout (9.9ms)


Started GET "/signup" for 127.0.0.1 at 2011-03-24 06:09:18 +0100
  Processing by UsersController#new as HTML
Rendered users/new.html.erb within layouts/application (7.3ms)
Completed   in 26ms

ActionView::Template::Error (Missing partial shared/error_messages with {:handlers=>[:erb, :rjs, :builder, :rhtml, :rxml], :formats=>[:html], :locale=>[:en, :en]} in view paths "/home/gaurav/rails_projects/sample_app/app/views"):
    1: <h1>Sign up</h1>
    2: <%= form_for(@user) do |f| %>
    3: <%= render 'shared/error_messages' %>
    4: 
    5: <div class="field">
    6: <%= f.label :name %><br />
  app/views/users/new.html.erb:3:in `block in _app_views_users_new_html_erb__181980680_87982840_666957801'
  app/views/users/new.html.erb:2:in `_app_views_users_new_html_erb__181980680_87982840_666957801'

Rendered /usr/local/ruby/lib/ruby/gems/1.9.1/gems/actionpack-3.0.5/lib/action_dispatch/middleware/templates/rescues/_trace.erb (1.3ms)
Rendered /usr/local/ruby/lib/ruby/gems/1.9.1/gems/actionpack-3.0.5/lib/action_dispatch/middleware/templates/rescues/_request_and_response.erb (3.4ms)
Rendered /usr/local/ruby/lib/ruby/gems/1.9.1/gems/actionpack-3.0.5/lib/action_dispatch/middleware/templates/rescues/template_error.erb within rescues/layout (9.2ms)


Started GET "/signup" for 127.0.0.1 at 2011-03-24 06:09:32 +0100
  Processing by UsersController#new as HTML
Rendered users/new.html.erb within layouts/application (29.2ms)
Completed   in 50ms

ActionView::Template::Error (Missing partial shared/error_messages with {:handlers=>[:erb, :rjs, :builder, :rhtml, :rxml], :formats=>[:html], :locale=>[:en, :en]} in view paths "/home/gaurav/rails_projects/sample_app/app/views"):
    1: <h1>Sign up</h1>
    2: <%= form_for(@user) do |f| %>
    3: <%= render 'shared/error_messages' %>
    4: 
    5: <div class="field">
    6: <%= f.label :name %><br />
  app/views/users/new.html.erb:3:in `block in _app_views_users_new_html_erb__800994448_84796900__260383100'
  app/views/users/new.html.erb:2:in `_app_views_users_new_html_erb__800994448_84796900__260383100'

Rendered /usr/local/ruby/lib/ruby/gems/1.9.1/gems/actionpack-3.0.5/lib/action_dispatch/middleware/templates/rescues/_trace.erb (1.3ms)
Rendered /usr/local/ruby/lib/ruby/gems/1.9.1/gems/actionpack-3.0.5/lib/action_dispatch/middleware/templates/rescues/_request_and_response.erb (3.2ms)
Rendered /usr/local/ruby/lib/ruby/gems/1.9.1/gems/actionpack-3.0.5/lib/action_dispatch/middleware/templates/rescues/template_error.erb within rescues/layout (9.0ms)


Started GET "/signup" for 127.0.0.1 at 2011-03-24 06:10:16 +0100
  Processing by UsersController#new as HTML
Rendered shared/_error_messages.html.erb (0.7ms)
Rendered layouts/_stylesheets.html.erb (1.2ms)
Rendered layouts/_header.html.erb (1.4ms)
Rendered layouts/_footer.html.erb (0.9ms)
Rendered users/new.html.erb within layouts/application (30.1ms)
Completed 200 OK in 49ms (Views: 34.4ms | ActiveRecord: 0.0ms)


Started POST "/users" for 127.0.0.1 at 2011-03-24 06:10:50 +0100
  Processing by UsersController#create as HTML
  Parameters: {"utf8"=>"✓", "authenticity_token"=>"NEjrugmpXaDUKyuA29a76Fg8Vp8H+jiEvrw93F8wWQ8=", "user"=>{"name"=>"gaurav", "email"=>"khan@gmail.com", "password"=>"[FILTERED]", "password_confirmation"=>"[FILTERED]"}, "commit"=>"Sign up"}
  [1m[36mSQL (0.2ms)[0m  [1m SELECT name
 FROM sqlite_master
 WHERE type = 'table' AND NOT name = 'sqlite_sequence'
[0m
  [1m[35mUser Load (0.1ms)[0m  SELECT "users"."id" FROM "users" WHERE (LOWER("users"."email") = LOWER('khan@gmail.com')) LIMIT 1
  [1m[36mAREL (0.5ms)[0m  [1mINSERT INTO "users" ("name", "email", "created_at", "updated_at", "encrypted_password", "salt") VALUES ('gaurav', 'khan@gmail.com', '2011-03-24 05:10:50.533103', '2011-03-24 05:10:50.533103', 'f083ad47773d6aeb6943343ffdc6a7414d7cf8adb641d5510451208a5627b8d6', '27dcd6e7c9926ee66e62b0a661eb630d2e9f360194d036d0b0725da9178147b4')[0m
Redirected to http://localhost:3000/users/2
Completed 302 Found in 237ms


Started GET "/users/2" for 127.0.0.1 at 2011-03-24 06:10:50 +0100
  Processing by UsersController#show as HTML
  Parameters: {"id"=>"2"}
  [1m[35mUser Load (0.3ms)[0m  SELECT "users".* FROM "users" WHERE "users"."id" = 2 LIMIT 1
Rendered layouts/_stylesheets.html.erb (1.2ms)
Rendered layouts/_header.html.erb (1.2ms)
Rendered layouts/_footer.html.erb (0.9ms)
Rendered users/show.html.erb within layouts/application (17.9ms)
Completed 200 OK in 38ms (Views: 22.2ms | ActiveRecord: 1.1ms)
  [1m[36mUser Load (0.6ms)[0m  [1mSELECT "users".* FROM "users" LIMIT 1[0m


Started GET "/users/2" for 127.0.0.1 at 2011-03-24 06:20:57 +0100
  Processing by UsersController#show as HTML
  Parameters: {"id"=>"2"}
  [1m[36mUser Load (0.3ms)[0m  [1mSELECT "users".* FROM "users" WHERE "users"."id" = 2 LIMIT 1[0m
Rendered layouts/_stylesheets.html.erb (1.1ms)
Rendered layouts/_header.html.erb (1.1ms)
Rendered layouts/_footer.html.erb (0.9ms)
Rendered users/show.html.erb within layouts/application (17.5ms)
Completed 200 OK in 40ms (Views: 22.0ms | ActiveRecord: 0.3ms)


Started GET "/users/2" for 127.0.0.1 at 2011-03-24 06:21:12 +0100
  Processing by UsersController#show as HTML
  Parameters: {"id"=>"2"}
  [1m[35mUser Load (0.2ms)[0m  SELECT "users".* FROM "users" WHERE "users"."id" = 2 LIMIT 1
Rendered layouts/_stylesheets.html.erb (1.2ms)
Rendered layouts/_header.html.erb (1.1ms)
Rendered layouts/_footer.html.erb (0.9ms)
Rendered users/show.html.erb within layouts/application (18.0ms)
Completed 200 OK in 39ms (Views: 22.3ms | ActiveRecord: 0.2ms)


Started GET "/users/2" for 127.0.0.1 at 2011-03-24 06:21:26 +0100
  Processing by UsersController#show as HTML
  Parameters: {"id"=>"2"}
  [1m[36mSQL (0.6ms)[0m  [1m SELECT name
 FROM sqlite_master
 WHERE type = 'table' AND NOT name = 'sqlite_sequence'
[0m
  [1m[35mUser Load (0.2ms)[0m  SELECT "users".* FROM "users" WHERE "users"."id" = 2 LIMIT 1
Rendered layouts/_stylesheets.html.erb (1.2ms)
Rendered layouts/_header.html.erb (1.1ms)
Rendered layouts/_footer.html.erb (0.9ms)
Rendered users/show.html.erb within layouts/application (18.4ms)
Completed 200 OK in 91ms (Views: 22.8ms | ActiveRecord: 0.8ms)


Started GET "/users" for 127.0.0.1 at 2011-03-24 06:21:34 +0100

AbstractController::ActionNotFound (The action 'index' could not be found for UsersController):
  

Rendered /usr/local/ruby/lib/ruby/gems/1.9.1/gems/actionpack-3.0.5/lib/action_dispatch/middleware/templates/rescues/unknown_action.erb within rescues/layout (0.8ms)


Started GET "/signin" for 127.0.0.1 at 2011-03-24 06:21:44 +0100

ActionController::RoutingError (No route matches "/signin"):
  

Rendered /usr/local/ruby/lib/ruby/gems/1.9.1/gems/actionpack-3.0.5/lib/action_dispatch/middleware/templates/rescues/routing_error.erb within rescues/layout (1.0ms)


Started GET "/" for 127.0.0.1 at 2011-03-24 06:21:47 +0100
  Processing by PagesController#home as HTML
Rendered layouts/_stylesheets.html.erb (1.3ms)
Rendered layouts/_header.html.erb (1.3ms)
Rendered layouts/_footer.html.erb (0.9ms)
Rendered pages/home.html.erb within layouts/application (9.3ms)
Completed 200 OK in 15ms (Views: 14.5ms | ActiveRecord: 0.0ms)


Started GET "/users/1" for 127.0.0.1 at 2011-03-24 06:22:05 +0100
  Processing by UsersController#show as HTML
  Parameters: {"id"=>"1"}
  [1m[36mUser Load (0.3ms)[0m  [1mSELECT "users".* FROM "users" WHERE "users"."id" = 1 LIMIT 1[0m
Rendered layouts/_stylesheets.html.erb (1.3ms)
Rendered layouts/_header.html.erb (1.1ms)
Rendered layouts/_footer.html.erb (0.9ms)
Rendered users/show.html.erb within layouts/application (17.3ms)
Completed 200 OK in 41ms (Views: 22.2ms | ActiveRecord: 0.3ms)


Started GET "/users" for 127.0.0.1 at 2011-03-24 06:22:57 +0100

AbstractController::ActionNotFound (The action 'index' could not be found for UsersController):
  

Rendered /usr/local/ruby/lib/ruby/gems/1.9.1/gems/actionpack-3.0.5/lib/action_dispatch/middleware/templates/rescues/unknown_action.erb within rescues/layout (0.9ms)


Started GET "/signup" for 127.0.0.1 at 2011-03-24 06:23:02 +0100
  Processing by UsersController#new as HTML
Rendered shared/_error_messages.html.erb (0.7ms)
Rendered layouts/_stylesheets.html.erb (1.2ms)
Rendered layouts/_header.html.erb (1.2ms)
Rendered layouts/_footer.html.erb (0.9ms)
Rendered users/new.html.erb within layouts/application (20.4ms)
Completed 200 OK in 40ms (Views: 24.7ms | ActiveRecord: 0.0ms)


Started POST "/users" for 127.0.0.1 at 2011-03-24 06:23:10 +0100
  Processing by UsersController#create as HTML
  Parameters: {"utf8"=>"✓", "authenticity_token"=>"NEjrugmpXaDUKyuA29a76Fg8Vp8H+jiEvrw93F8wWQ8=", "user"=>{"name"=>"gk", "email"=>"", "password"=>"[FILTERED]", "password_confirmation"=>"[FILTERED]"}, "commit"=>"Sign up"}
  [1m[35mUser Load (0.2ms)[0m  SELECT "users"."id" FROM "users" WHERE (LOWER("users"."email") = LOWER('')) LIMIT 1
Rendered shared/_error_messages.html.erb (5.5ms)
Rendered layouts/_stylesheets.html.erb (1.1ms)
Rendered layouts/_header.html.erb (1.1ms)
Rendered layouts/_footer.html.erb (0.8ms)
Rendered users/new.html.erb within layouts/application (18.8ms)
Completed 200 OK in 73ms (Views: 22.9ms | ActiveRecord: 0.2ms)


Started GET "/users/4" for 127.0.0.1 at 2011-03-24 06:23:35 +0100
  Processing by UsersController#show as HTML
  Parameters: {"id"=>"4"}
  [1m[36mUser Load (0.2ms)[0m  [1mSELECT "users".* FROM "users" WHERE "users"."id" = 4 LIMIT 1[0m
Completed   in 17ms

ActiveRecord::RecordNotFound (Couldn't find User with ID=4):
  app/controllers/users_controller.rb:3:in `show'

Rendered /usr/local/ruby/lib/ruby/gems/1.9.1/gems/actionpack-3.0.5/lib/action_dispatch/middleware/templates/rescues/_trace.erb (1.3ms)
Rendered /usr/local/ruby/lib/ruby/gems/1.9.1/gems/actionpack-3.0.5/lib/action_dispatch/middleware/templates/rescues/_request_and_response.erb (3.2ms)
Rendered /usr/local/ruby/lib/ruby/gems/1.9.1/gems/actionpack-3.0.5/lib/action_dispatch/middleware/templates/rescues/diagnostics.erb within rescues/layout (8.6ms)


Started GET "/users/3" for 127.0.0.1 at 2011-03-24 06:23:39 +0100
  Processing by UsersController#show as HTML
  Parameters: {"id"=>"3"}
  [1m[35mUser Load (0.2ms)[0m  SELECT "users".* FROM "users" WHERE "users"."id" = 3 LIMIT 1
Completed   in 16ms

ActiveRecord::RecordNotFound (Couldn't find User with ID=3):
  app/controllers/users_controller.rb:3:in `show'

Rendered /usr/local/ruby/lib/ruby/gems/1.9.1/gems/actionpack-3.0.5/lib/action_dispatch/middleware/templates/rescues/_trace.erb (1.2ms)
Rendered /usr/local/ruby/lib/ruby/gems/1.9.1/gems/actionpack-3.0.5/lib/action_dispatch/middleware/templates/rescues/_request_and_response.erb (3.0ms)
Rendered /usr/local/ruby/lib/ruby/gems/1.9.1/gems/actionpack-3.0.5/lib/action_dispatch/middleware/templates/rescues/diagnostics.erb within rescues/layout (8.2ms)


Started GET "/users/2" for 127.0.0.1 at 2011-03-24 06:23:42 +0100
  Processing by UsersController#show as HTML
  Parameters: {"id"=>"2"}
  [1m[36mUser Load (0.3ms)[0m  [1mSELECT "users".* FROM "users" WHERE "users"."id" = 2 LIMIT 1[0m
Rendered layouts/_stylesheets.html.erb (1.2ms)
Rendered layouts/_header.html.erb (1.2ms)
Rendered layouts/_footer.html.erb (0.9ms)
Rendered users/show.html.erb within layouts/application (17.8ms)
Completed 200 OK in 72ms (Views: 22.0ms | ActiveRecord: 0.5ms)


Started GET "/users/1" for 127.0.0.1 at 2011-03-24 06:23:45 +0100
  Processing by UsersController#show as HTML
  Parameters: {"id"=>"1"}
  [1m[35mUser Load (0.2ms)[0m  SELECT "users".* FROM "users" WHERE "users"."id" = 1 LIMIT 1
Rendered layouts/_stylesheets.html.erb (1.1ms)
Rendered layouts/_header.html.erb (1.1ms)
Rendered layouts/_footer.html.erb (0.8ms)
Rendered users/show.html.erb within layouts/application (16.8ms)
Completed 200 OK in 37ms (Views: 21.0ms | ActiveRecord: 0.4ms)
